<?xml version="1.0" encoding="UTF-8"?>
<!-- Generated by org.testng.reporters.JUnitReportReporter -->
<testsuite hostname="Photoshop" failures="0" tests="1" name="SouradiptaMaity.TestNgLearn.tests.SubmitOrderTest" time="22.718" errors="0" timestamp="2025-05-04T18:17:45 CDT" skipped="0">
  <testcase classname="SouradiptaMaity.TestNgLearn.tests.SubmitOrderTest" name="SubmitOrder" time="22.718"/>
</testsuite> <!-- SouradiptaMaity.TestNgLearn.tests.SubmitOrderTest -->
