<?xml version="1.0" encoding="UTF-8"?>
<!-- Generated by org.testng.reporters.JUnitReportReporter -->
<testsuite hostname="Photoshop" failures="0" tests="1" name="SouradiptaMaity.TestNgLearn.tests.SubmitOrderTest" time="19.849" errors="0" timestamp="2025-05-04T18:54:25 CDT" skipped="0">
  <testcase classname="SouradiptaMaity.TestNgLearn.tests.SubmitOrderTest" name="SubmitOrder" time="19.849"/>
</testsuite> <!-- SouradiptaMaity.TestNgLearn.tests.SubmitOrderTest -->
